mode: atomic
github.com/yourcloudtools/mockzure/cmd/generate_compatibility_report/main.go:51.13,57.16 4 0
github.com/yourcloudtools/mockzure/cmd/generate_compatibility_report/main.go:57.16,60.3 2 0
github.com/yourcloudtools/mockzure/cmd/generate_compatibility_report/main.go:63.2,68.16 4 0
github.com/yourcloudtools/mockzure/cmd/generate_compatibility_report/main.go:68.16,71.3 2 0
github.com/yourcloudtools/mockzure/cmd/generate_compatibility_report/main.go:74.2,75.16 2 0
github.com/yourcloudtools/mockzure/cmd/generate_compatibility_report/main.go:75.16,78.3 2 0
github.com/yourcloudtools/mockzure/cmd/generate_compatibility_report/main.go:80.2,81.16 2 0
github.com/yourcloudtools/mockzure/cmd/generate_compatibility_report/main.go:81.16,84.3 2 0
github.com/yourcloudtools/mockzure/cmd/generate_compatibility_report/main.go:86.2,88.68 3 0
github.com/yourcloudtools/mockzure/cmd/generate_compatibility_report/main.go:92.55,96.16 3 0
github.com/yourcloudtools/mockzure/cmd/generate_compatibility_report/main.go:96.16,99.3 1 0
github.com/yourcloudtools/mockzure/cmd/generate_compatibility_report/main.go:102.2,105.29 3 0
github.com/yourcloudtools/mockzure/cmd/generate_compatibility_report/main.go:105.29,106.40 1 0
github.com/yourcloudtools/mockzure/cmd/generate_compatibility_report/main.go:106.40,110.4 3 0
github.com/yourcloudtools/mockzure/cmd/generate_compatibility_report/main.go:110.9,110.49 1 0
github.com/yourcloudtools/mockzure/cmd/generate_compatibility_report/main.go:110.49,114.4 3 0
github.com/yourcloudtools/mockzure/cmd/generate_compatibility_report/main.go:114.9,114.49 1 0
github.com/yourcloudtools/mockzure/cmd/generate_compatibility_report/main.go:114.49,118.4 3 0
github.com/yourcloudtools/mockzure/cmd/generate_compatibility_report/main.go:121.2,121.21 1 0
github.com/yourcloudtools/mockzure/cmd/generate_compatibility_report/main.go:125.70,176.38 3 0
github.com/yourcloudtools/mockzure/cmd/generate_compatibility_report/main.go:176.38,179.24 2 0
github.com/yourcloudtools/mockzure/cmd/generate_compatibility_report/main.go:180.45,188.39 2 0
github.com/yourcloudtools/mockzure/cmd/generate_compatibility_report/main.go:188.39,189.66 1 0
github.com/yourcloudtools/mockzure/cmd/generate_compatibility_report/main.go:189.66,191.6 1 0
github.com/yourcloudtools/mockzure/cmd/generate_compatibility_report/main.go:191.11,193.6 1 0
github.com/yourcloudtools/mockzure/cmd/generate_compatibility_report/main.go:195.4,196.99 2 0
github.com/yourcloudtools/mockzure/cmd/generate_compatibility_report/main.go:198.30,203.40 2 0
github.com/yourcloudtools/mockzure/cmd/generate_compatibility_report/main.go:203.40,204.66 1 0
github.com/yourcloudtools/mockzure/cmd/generate_compatibility_report/main.go:204.66,206.6 1 0
github.com/yourcloudtools/mockzure/cmd/generate_compatibility_report/main.go:206.11,208.6 1 0
github.com/yourcloudtools/mockzure/cmd/generate_compatibility_report/main.go:210.4,211.99 2 0
github.com/yourcloudtools/mockzure/cmd/generate_compatibility_report/main.go:213.39,220.38 2 0
github.com/yourcloudtools/mockzure/cmd/generate_compatibility_report/main.go:220.38,221.66 1 0
github.com/yourcloudtools/mockzure/cmd/generate_compatibility_report/main.go:221.66,223.6 1 0
github.com/yourcloudtools/mockzure/cmd/generate_compatibility_report/main.go:223.11,225.6 1 0
github.com/yourcloudtools/mockzure/cmd/generate_compatibility_report/main.go:227.4,228.99 2 0
github.com/yourcloudtools/mockzure/cmd/generate_compatibility_report/main.go:230.31,237.39 2 0
github.com/yourcloudtools/mockzure/cmd/generate_compatibility_report/main.go:237.39,238.66 1 0
github.com/yourcloudtools/mockzure/cmd/generate_compatibility_report/main.go:238.66,240.6 1 0
github.com/yourcloudtools/mockzure/cmd/generate_compatibility_report/main.go:240.11,242.6 1 0
github.com/yourcloudtools/mockzure/cmd/generate_compatibility_report/main.go:244.4,245.99 2 0
github.com/yourcloudtools/mockzure/cmd/generate_compatibility_report/main.go:250.2,255.38 5 0
github.com/yourcloudtools/mockzure/cmd/generate_compatibility_report/main.go:255.38,257.32 2 0
github.com/yourcloudtools/mockzure/cmd/generate_compatibility_report/main.go:258.15,259.49 1 0
github.com/yourcloudtools/mockzure/cmd/generate_compatibility_report/main.go:260.18,261.45 1 0
github.com/yourcloudtools/mockzure/cmd/generate_compatibility_report/main.go:262.24,263.43 1 0
github.com/yourcloudtools/mockzure/cmd/generate_compatibility_report/main.go:267.2,268.24 2 0
github.com/yourcloudtools/mockzure/cmd/generate_compatibility_report/main.go:268.24,270.3 1 0
github.com/yourcloudtools/mockzure/cmd/generate_compatibility_report/main.go:272.2,293.3 2 0
github.com/yourcloudtools/mockzure/cmd/generate_compatibility_report/main.go:297.64,316.45 11 0
github.com/yourcloudtools/mockzure/cmd/generate_compatibility_report/main.go:316.45,319.32 3 0
github.com/yourcloudtools/mockzure/cmd/generate_compatibility_report/main.go:320.18,322.26 2 0
github.com/yourcloudtools/mockzure/cmd/generate_compatibility_report/main.go:323.24,325.32 2 0
github.com/yourcloudtools/mockzure/cmd/generate_compatibility_report/main.go:328.3,329.78 1 0
github.com/yourcloudtools/mockzure/cmd/generate_compatibility_report/main.go:331.2,336.45 3 0
github.com/yourcloudtools/mockzure/cmd/generate_compatibility_report/main.go:336.45,339.32 3 0
github.com/yourcloudtools/mockzure/cmd/generate_compatibility_report/main.go:340.18,342.38 2 0
github.com/yourcloudtools/mockzure/cmd/generate_compatibility_report/main.go:343.24,345.32 2 0
github.com/yourcloudtools/mockzure/cmd/generate_compatibility_report/main.go:348.3,356.47 7 0
github.com/yourcloudtools/mockzure/cmd/generate_compatibility_report/main.go:356.47,358.42 2 0
github.com/yourcloudtools/mockzure/cmd/generate_compatibility_report/main.go:358.42,360.5 1 0
github.com/yourcloudtools/mockzure/cmd/generate_compatibility_report/main.go:360.10,360.55 1 0
github.com/yourcloudtools/mockzure/cmd/generate_compatibility_report/main.go:360.55,362.5 1 0
github.com/yourcloudtools/mockzure/cmd/generate_compatibility_report/main.go:364.4,365.75 1 0
github.com/yourcloudtools/mockzure/cmd/generate_compatibility_report/main.go:367.3,367.23 1 0
github.com/yourcloudtools/mockzure/cmd/generate_compatibility_report/main.go:371.2,373.53 3 0
github.com/yourcloudtools/mockzure/cmd/generate_compatibility_report/main.go:373.53,375.3 1 0
github.com/yourcloudtools/mockzure/cmd/generate_compatibility_report/main.go:376.2,392.20 13 0
github.com/yourcloudtools/mockzure/cmd/generate_compatibility_report/main.go:396.13,397.50 1 0
github.com/yourcloudtools/mockzure/cmd/generate_compatibility_report/main.go:397.50,399.3 1 0
github.com/yourcloudtools/mockzure/main.go:138.24,355.2 7 32
github.com/yourcloudtools/mockzure/main.go:358.30,360.55 2 35
github.com/yourcloudtools/mockzure/main.go:360.55,379.3 6 0
github.com/yourcloudtools/mockzure/main.go:382.2,383.16 2 35
github.com/yourcloudtools/mockzure/main.go:383.16,387.3 3 0
github.com/yourcloudtools/mockzure/main.go:389.2,390.54 2 35
github.com/yourcloudtools/mockzure/main.go:390.54,394.3 3 0
github.com/yourcloudtools/mockzure/main.go:396.2,400.39 3 35
github.com/yourcloudtools/mockzure/main.go:400.39,401.51 1 66
github.com/yourcloudtools/mockzure/main.go:401.51,402.50 1 198
github.com/yourcloudtools/mockzure/main.go:402.50,403.43 1 66
github.com/yourcloudtools/mockzure/main.go:403.43,406.6 2 0
github.com/yourcloudtools/mockzure/main.go:413.86,416.16 2 44
github.com/yourcloudtools/mockzure/main.go:416.16,418.3 1 9
github.com/yourcloudtools/mockzure/main.go:421.2,421.40 1 35
github.com/yourcloudtools/mockzure/main.go:421.40,425.53 2 1
github.com/yourcloudtools/mockzure/main.go:425.53,429.41 2 0
github.com/yourcloudtools/mockzure/main.go:429.41,430.58 1 0
github.com/yourcloudtools/mockzure/main.go:430.58,432.6 1 0
github.com/yourcloudtools/mockzure/main.go:436.3,436.53 1 1
github.com/yourcloudtools/mockzure/main.go:440.2,440.39 1 34
github.com/yourcloudtools/mockzure/main.go:440.39,444.17 3 32
github.com/yourcloudtools/mockzure/main.go:444.17,446.4 1 1
github.com/yourcloudtools/mockzure/main.go:448.3,449.22 2 31
github.com/yourcloudtools/mockzure/main.go:449.22,451.4 1 0
github.com/yourcloudtools/mockzure/main.go:453.3,458.47 4 31
github.com/yourcloudtools/mockzure/main.go:458.47,459.33 1 56
github.com/yourcloudtools/mockzure/main.go:459.33,461.10 2 22
github.com/yourcloudtools/mockzure/main.go:465.3,465.49 1 31
github.com/yourcloudtools/mockzure/main.go:465.49,467.4 1 10
github.com/yourcloudtools/mockzure/main.go:470.3,470.40 1 21
github.com/yourcloudtools/mockzure/main.go:470.40,471.54 1 28
github.com/yourcloudtools/mockzure/main.go:471.54,473.5 1 21
github.com/yourcloudtools/mockzure/main.go:476.3,476.66 1 0
github.com/yourcloudtools/mockzure/main.go:479.2,479.61 1 2
github.com/yourcloudtools/mockzure/main.go:483.80,484.38 1 100
github.com/yourcloudtools/mockzure/main.go:484.38,486.71 1 120
github.com/yourcloudtools/mockzure/main.go:486.71,487.12 1 23
github.com/yourcloudtools/mockzure/main.go:491.3,491.38 1 97
github.com/yourcloudtools/mockzure/main.go:491.38,492.35 1 220
github.com/yourcloudtools/mockzure/main.go:492.35,494.5 1 85
github.com/yourcloudtools/mockzure/main.go:497.2,497.14 1 15
github.com/yourcloudtools/mockzure/main.go:518.38,520.50 2 4
github.com/yourcloudtools/mockzure/main.go:520.50,522.3 1 0
github.com/yourcloudtools/mockzure/main.go:523.2,523.32 1 4
github.com/yourcloudtools/mockzure/main.go:526.33,528.2 1 21
github.com/yourcloudtools/mockzure/main.go:530.60,535.2 4 7
github.com/yourcloudtools/mockzure/main.go:539.60,542.31 2 4
github.com/yourcloudtools/mockzure/main.go:542.31,544.3 1 7
github.com/yourcloudtools/mockzure/main.go:547.2,548.30 2 4
github.com/yourcloudtools/mockzure/main.go:548.30,549.28 1 7
github.com/yourcloudtools/mockzure/main.go:549.28,551.4 1 4
github.com/yourcloudtools/mockzure/main.go:551.9,553.4 1 3
github.com/yourcloudtools/mockzure/main.go:556.2,606.42 2 4
github.com/yourcloudtools/mockzure/main.go:606.42,633.20 3 8
github.com/yourcloudtools/mockzure/main.go:633.20,635.4 1 2
github.com/yourcloudtools/mockzure/main.go:635.9,636.27 1 6
github.com/yourcloudtools/mockzure/main.go:636.27,639.31 3 7
github.com/yourcloudtools/mockzure/main.go:639.31,642.6 2 4
github.com/yourcloudtools/mockzure/main.go:643.5,661.107 1 7
github.com/yourcloudtools/mockzure/main.go:665.3,669.10 1 8
github.com/yourcloudtools/mockzure/main.go:672.2,699.35 2 4
github.com/yourcloudtools/mockzure/main.go:699.35,701.27 2 8
github.com/yourcloudtools/mockzure/main.go:701.27,703.4 1 1
github.com/yourcloudtools/mockzure/main.go:704.3,712.133 1 8
github.com/yourcloudtools/mockzure/main.go:715.2,743.43 2 4
github.com/yourcloudtools/mockzure/main.go:743.43,745.25 2 8
github.com/yourcloudtools/mockzure/main.go:745.25,747.4 1 0
github.com/yourcloudtools/mockzure/main.go:750.3,752.39 3 8
github.com/yourcloudtools/mockzure/main.go:752.39,755.4 2 12
github.com/yourcloudtools/mockzure/main.go:757.3,765.136 1 8
github.com/yourcloudtools/mockzure/main.go:768.2,794.29 2 4
github.com/yourcloudtools/mockzure/main.go:794.29,796.3 1 4
github.com/yourcloudtools/mockzure/main.go:796.8,797.40 1 0
github.com/yourcloudtools/mockzure/main.go:797.40,805.4 1 0
github.com/yourcloudtools/mockzure/main.go:808.2,932.23 2 4
github.com/yourcloudtools/mockzure/main.go:935.142,1051.35 2 5
github.com/yourcloudtools/mockzure/main.go:1051.35,1063.3 1 7
github.com/yourcloudtools/mockzure/main.go:1065.2,1085.23 4 5
github.com/yourcloudtools/mockzure/main.go:1088.13,1096.71 4 0
github.com/yourcloudtools/mockzure/main.go:1096.71,1109.3 4 0
github.com/yourcloudtools/mockzure/main.go:1112.2,1119.82 4 0
github.com/yourcloudtools/mockzure/main.go:1119.82,1120.19 1 0
github.com/yourcloudtools/mockzure/main.go:1121.23,1123.36 2 0
github.com/yourcloudtools/mockzure/main.go:1123.36,1125.5 1 0
github.com/yourcloudtools/mockzure/main.go:1126.4,1127.88 2 0
github.com/yourcloudtools/mockzure/main.go:1128.24,1130.81 2 0
github.com/yourcloudtools/mockzure/main.go:1130.81,1133.5 2 0
github.com/yourcloudtools/mockzure/main.go:1134.4,1134.29 1 0
github.com/yourcloudtools/mockzure/main.go:1134.29,1136.5 1 0
github.com/yourcloudtools/mockzure/main.go:1137.4,1137.23 1 0
github.com/yourcloudtools/mockzure/main.go:1137.23,1139.5 1 0
github.com/yourcloudtools/mockzure/main.go:1140.4,1143.32 4 0
github.com/yourcloudtools/mockzure/main.go:1144.11,1145.68 1 0
github.com/yourcloudtools/mockzure/main.go:1150.2,1150.67 1 0
github.com/yourcloudtools/mockzure/main.go:1150.67,1151.24 1 0
github.com/yourcloudtools/mockzure/main.go:1151.24,1154.4 2 0
github.com/yourcloudtools/mockzure/main.go:1155.3,1156.29 2 0
github.com/yourcloudtools/mockzure/main.go:1160.2,1160.93 1 0
github.com/yourcloudtools/mockzure/main.go:1160.93,1161.19 1 0
github.com/yourcloudtools/mockzure/main.go:1162.23,1164.120 2 0
github.com/yourcloudtools/mockzure/main.go:1165.24,1167.62 2 0
github.com/yourcloudtools/mockzure/main.go:1167.62,1170.5 2 0
github.com/yourcloudtools/mockzure/main.go:1171.4,1171.22 1 0
github.com/yourcloudtools/mockzure/main.go:1171.22,1173.5 1 0
github.com/yourcloudtools/mockzure/main.go:1174.4,1177.33 4 0
github.com/yourcloudtools/mockzure/main.go:1178.11,1179.68 1 0
github.com/yourcloudtools/mockzure/main.go:1183.2,1183.94 1 0
github.com/yourcloudtools/mockzure/main.go:1183.94,1186.40 3 0
github.com/yourcloudtools/mockzure/main.go:1186.40,1189.4 2 0
github.com/yourcloudtools/mockzure/main.go:1190.3,1192.19 2 0
github.com/yourcloudtools/mockzure/main.go:1193.23,1194.44 1 0
github.com/yourcloudtools/mockzure/main.go:1194.44,1195.26 1 0
github.com/yourcloudtools/mockzure/main.go:1195.26,1198.35 2 0
github.com/yourcloudtools/mockzure/main.go:1198.35,1199.37 1 0
github.com/yourcloudtools/mockzure/main.go:1199.37,1201.8 1 0
github.com/yourcloudtools/mockzure/main.go:1203.6,1208.12 3 0
github.com/yourcloudtools/mockzure/main.go:1211.4,1211.66 1 0
github.com/yourcloudtools/mockzure/main.go:1212.11,1213.68 1 0
github.com/yourcloudtools/mockzure/main.go:1218.2,1218.94 1 0
github.com/yourcloudtools/mockzure/main.go:1218.94,1219.19 1 0
github.com/yourcloudtools/mockzure/main.go:1220.23,1222.122 2 0
github.com/yourcloudtools/mockzure/main.go:1223.24,1225.62 2 0
github.com/yourcloudtools/mockzure/main.go:1225.62,1228.5 2 0
github.com/yourcloudtools/mockzure/main.go:1229.4,1229.29 1 0
github.com/yourcloudtools/mockzure/main.go:1229.29,1231.5 1 0
github.com/yourcloudtools/mockzure/main.go:1232.4,1236.33 5 0
github.com/yourcloudtools/mockzure/main.go:1237.11,1238.68 1 0
github.com/yourcloudtools/mockzure/main.go:1242.2,1242.95 1 0
github.com/yourcloudtools/mockzure/main.go:1242.95,1245.40 3 0
github.com/yourcloudtools/mockzure/main.go:1245.40,1248.4 2 0
github.com/yourcloudtools/mockzure/main.go:1249.3,1251.19 2 0
github.com/yourcloudtools/mockzure/main.go:1252.23,1253.45 1 0
github.com/yourcloudtools/mockzure/main.go:1253.45,1254.50 1 0
github.com/yourcloudtools/mockzure/main.go:1254.50,1258.6 3 0
github.com/yourcloudtools/mockzure/main.go:1260.4,1260.67 1 0
github.com/yourcloudtools/mockzure/main.go:1261.11,1262.68 1 0
github.com/yourcloudtools/mockzure/main.go:1269.2,1269.81 1 0
github.com/yourcloudtools/mockzure/main.go:1269.81,1271.113 1 0
github.com/yourcloudtools/mockzure/main.go:1271.113,1280.31 5 0
github.com/yourcloudtools/mockzure/main.go:1280.31,1281.53 1 0
github.com/yourcloudtools/mockzure/main.go:1281.53,1283.6 1 0
github.com/yourcloudtools/mockzure/main.go:1284.5,1284.74 1 0
github.com/yourcloudtools/mockzure/main.go:1284.74,1287.6 2 0
github.com/yourcloudtools/mockzure/main.go:1291.4,1291.20 1 0
github.com/yourcloudtools/mockzure/main.go:1291.20,1292.34 1 0
github.com/yourcloudtools/mockzure/main.go:1292.34,1293.89 1 0
github.com/yourcloudtools/mockzure/main.go:1293.89,1309.40 3 0
github.com/yourcloudtools/mockzure/main.go:1309.40,1311.34 2 0
github.com/yourcloudtools/mockzure/main.go:1311.34,1313.9 1 0
github.com/yourcloudtools/mockzure/main.go:1315.8,1329.108 2 0
github.com/yourcloudtools/mockzure/main.go:1333.7,1342.13 3 0
github.com/yourcloudtools/mockzure/main.go:1347.5,1348.11 2 0
github.com/yourcloudtools/mockzure/main.go:1352.4,1353.33 2 0
github.com/yourcloudtools/mockzure/main.go:1353.33,1354.65 1 0
github.com/yourcloudtools/mockzure/main.go:1354.65,1373.98 4 0
github.com/yourcloudtools/mockzure/main.go:1373.98,1378.33 3 0
github.com/yourcloudtools/mockzure/main.go:1378.33,1380.8 1 0
github.com/yourcloudtools/mockzure/main.go:1382.7,1395.8 1 0
github.com/yourcloudtools/mockzure/main.go:1396.12,1398.7 1 0
github.com/yourcloudtools/mockzure/main.go:1400.6,1408.46 2 0
github.com/yourcloudtools/mockzure/main.go:1413.4,1417.10 3 0
github.com/yourcloudtools/mockzure/main.go:1421.3,1421.22 1 0
github.com/yourcloudtools/mockzure/main.go:1424.2,1424.81 1 0
github.com/yourcloudtools/mockzure/main.go:1424.81,1428.19 2 0
github.com/yourcloudtools/mockzure/main.go:1429.23,1431.29 1 0
github.com/yourcloudtools/mockzure/main.go:1431.29,1433.34 2 0
github.com/yourcloudtools/mockzure/main.go:1433.34,1434.64 1 0
github.com/yourcloudtools/mockzure/main.go:1434.64,1436.7 1 0
github.com/yourcloudtools/mockzure/main.go:1438.5,1440.11 3 0
github.com/yourcloudtools/mockzure/main.go:1444.4,1445.98 2 0
github.com/yourcloudtools/mockzure/main.go:1446.24,1448.62 2 0
github.com/yourcloudtools/mockzure/main.go:1448.62,1451.5 2 0
github.com/yourcloudtools/mockzure/main.go:1452.4,1452.22 1 0
github.com/yourcloudtools/mockzure/main.go:1452.22,1454.5 1 0
github.com/yourcloudtools/mockzure/main.go:1455.4,1455.27 1 0
github.com/yourcloudtools/mockzure/main.go:1455.27,1457.5 1 0
github.com/yourcloudtools/mockzure/main.go:1458.4,1458.23 1 0
github.com/yourcloudtools/mockzure/main.go:1458.23,1460.5 1 0
github.com/yourcloudtools/mockzure/main.go:1461.4,1465.33 5 0
github.com/yourcloudtools/mockzure/main.go:1466.11,1467.68 1 0
github.com/yourcloudtools/mockzure/main.go:1471.2,1471.82 1 0
github.com/yourcloudtools/mockzure/main.go:1471.82,1474.40 3 0
github.com/yourcloudtools/mockzure/main.go:1474.40,1477.4 2 0
github.com/yourcloudtools/mockzure/main.go:1478.3,1484.37 3 0
github.com/yourcloudtools/mockzure/main.go:1484.37,1485.32 1 0
github.com/yourcloudtools/mockzure/main.go:1485.32,1486.23 1 0
github.com/yourcloudtools/mockzure/main.go:1486.23,1488.6 1 0
github.com/yourcloudtools/mockzure/main.go:1490.4,1490.14 1 0
github.com/yourcloudtools/mockzure/main.go:1494.3,1494.63 1 0
github.com/yourcloudtools/mockzure/main.go:1494.63,1495.29 1 0
github.com/yourcloudtools/mockzure/main.go:1495.29,1497.5 1 0
github.com/yourcloudtools/mockzure/main.go:1498.4,1498.69 1 0
github.com/yourcloudtools/mockzure/main.go:1501.3,1501.19 1 0
github.com/yourcloudtools/mockzure/main.go:1502.23,1504.17 2 0
github.com/yourcloudtools/mockzure/main.go:1504.17,1507.5 2 0
github.com/yourcloudtools/mockzure/main.go:1510.4,1510.36 1 0
github.com/yourcloudtools/mockzure/main.go:1510.36,1513.5 2 0
github.com/yourcloudtools/mockzure/main.go:1515.4,1515.46 1 0
github.com/yourcloudtools/mockzure/main.go:1515.46,1523.5 3 0
github.com/yourcloudtools/mockzure/main.go:1524.4,1525.33 2 0
github.com/yourcloudtools/mockzure/main.go:1526.24,1527.22 1 0
github.com/yourcloudtools/mockzure/main.go:1527.22,1530.5 2 0
github.com/yourcloudtools/mockzure/main.go:1531.4,1532.17 2 0
github.com/yourcloudtools/mockzure/main.go:1532.17,1535.5 2 0
github.com/yourcloudtools/mockzure/main.go:1536.4,1536.20 1 0
github.com/yourcloudtools/mockzure/main.go:1537.17,1539.38 1 0
github.com/yourcloudtools/mockzure/main.go:1539.38,1542.6 2 0
github.com/yourcloudtools/mockzure/main.go:1543.5,1547.137 5 0
github.com/yourcloudtools/mockzure/main.go:1548.16,1550.37 1 0
github.com/yourcloudtools/mockzure/main.go:1550.37,1553.6 2 0
github.com/yourcloudtools/mockzure/main.go:1554.5,1558.137 5 0
github.com/yourcloudtools/mockzure/main.go:1559.19,1561.40 1 0
github.com/yourcloudtools/mockzure/main.go:1561.40,1564.6 2 0
github.com/yourcloudtools/mockzure/main.go:1565.5,1569.139 5 0
github.com/yourcloudtools/mockzure/main.go:1570.16,1572.65 2 0
github.com/yourcloudtools/mockzure/main.go:1572.65,1575.6 2 0
github.com/yourcloudtools/mockzure/main.go:1576.5,1577.28 2 0
github.com/yourcloudtools/mockzure/main.go:1577.28,1578.18 1 0
github.com/yourcloudtools/mockzure/main.go:1578.18,1580.7 1 0
github.com/yourcloudtools/mockzure/main.go:1582.5,1584.133 3 0
github.com/yourcloudtools/mockzure/main.go:1585.12,1586.62 1 0
github.com/yourcloudtools/mockzure/main.go:1588.23,1589.44 1 0
github.com/yourcloudtools/mockzure/main.go:1589.44,1591.18 2 0
github.com/yourcloudtools/mockzure/main.go:1591.18,1594.6 2 0
github.com/yourcloudtools/mockzure/main.go:1595.5,1596.65 2 0
github.com/yourcloudtools/mockzure/main.go:1596.65,1599.6 2 0
github.com/yourcloudtools/mockzure/main.go:1600.5,1601.28 2 0
github.com/yourcloudtools/mockzure/main.go:1601.28,1602.18 1 0
github.com/yourcloudtools/mockzure/main.go:1602.18,1604.7 1 0
github.com/yourcloudtools/mockzure/main.go:1606.5,1608.133 3 0
github.com/yourcloudtools/mockzure/main.go:1609.10,1611.5 1 0
github.com/yourcloudtools/mockzure/main.go:1612.11,1613.68 1 0
github.com/yourcloudtools/mockzure/main.go:1618.2,1618.83 1 0
github.com/yourcloudtools/mockzure/main.go:1618.83,1621.42 2 0
github.com/yourcloudtools/mockzure/main.go:1621.42,1624.4 2 0
github.com/yourcloudtools/mockzure/main.go:1627.3,1628.56 2 0
github.com/yourcloudtools/mockzure/main.go:1628.56,1629.63 1 0
github.com/yourcloudtools/mockzure/main.go:1629.63,1631.10 2 0
github.com/yourcloudtools/mockzure/main.go:1635.3,1635.21 1 0
github.com/yourcloudtools/mockzure/main.go:1635.21,1638.4 2 0
github.com/yourcloudtools/mockzure/main.go:1640.3,1640.19 1 0
github.com/yourcloudtools/mockzure/main.go:1641.23,1643.102 2 0
github.com/yourcloudtools/mockzure/main.go:1644.24,1646.64 2 0
github.com/yourcloudtools/mockzure/main.go:1646.64,1649.5 2 0
github.com/yourcloudtools/mockzure/main.go:1650.4,1650.27 1 0
github.com/yourcloudtools/mockzure/main.go:1650.27,1652.5 1 0
github.com/yourcloudtools/mockzure/main.go:1653.4,1653.25 1 0
github.com/yourcloudtools/mockzure/main.go:1653.25,1655.5 1 0
github.com/yourcloudtools/mockzure/main.go:1656.4,1659.35 4 0
github.com/yourcloudtools/mockzure/main.go:1660.11,1661.68 1 0
github.com/yourcloudtools/mockzure/main.go:1665.2,1665.84 1 0
github.com/yourcloudtools/mockzure/main.go:1665.84,1668.40 3 0
github.com/yourcloudtools/mockzure/main.go:1668.40,1671.4 2 0
github.com/yourcloudtools/mockzure/main.go:1672.3,1674.19 2 0
github.com/yourcloudtools/mockzure/main.go:1675.23,1676.34 1 0
github.com/yourcloudtools/mockzure/main.go:1676.34,1677.23 1 0
github.com/yourcloudtools/mockzure/main.go:1677.23,1681.6 3 0
github.com/yourcloudtools/mockzure/main.go:1683.4,1683.56 1 0
github.com/yourcloudtools/mockzure/main.go:1684.11,1685.68 1 0
github.com/yourcloudtools/mockzure/main.go:1691.2,1691.93 1 0
github.com/yourcloudtools/mockzure/main.go:1691.93,1694.3 2 0
github.com/yourcloudtools/mockzure/main.go:1697.2,1697.88 1 0
github.com/yourcloudtools/mockzure/main.go:1697.88,1706.68 8 0
github.com/yourcloudtools/mockzure/main.go:1706.68,1709.4 2 0
github.com/yourcloudtools/mockzure/main.go:1710.3,1710.43 1 0
github.com/yourcloudtools/mockzure/main.go:1710.43,1713.38 2 0
github.com/yourcloudtools/mockzure/main.go:1713.38,1714.26 1 0
github.com/yourcloudtools/mockzure/main.go:1714.26,1716.11 2 0
github.com/yourcloudtools/mockzure/main.go:1719.4,1719.14 1 0
github.com/yourcloudtools/mockzure/main.go:1719.14,1722.5 2 0
github.com/yourcloudtools/mockzure/main.go:1726.3,1726.25 1 0
github.com/yourcloudtools/mockzure/main.go:1726.25,1729.4 2 0
github.com/yourcloudtools/mockzure/main.go:1732.3,1742.17 4 0
github.com/yourcloudtools/mockzure/main.go:1742.17,1745.4 2 0
github.com/yourcloudtools/mockzure/main.go:1746.3,1748.18 3 0
github.com/yourcloudtools/mockzure/main.go:1748.18,1750.4 1 0
github.com/yourcloudtools/mockzure/main.go:1751.3,1752.52 2 0
github.com/yourcloudtools/mockzure/main.go:1756.2,1756.89 1 0
github.com/yourcloudtools/mockzure/main.go:1756.89,1759.3 2 0
github.com/yourcloudtools/mockzure/main.go:1762.2,1762.84 1 0
github.com/yourcloudtools/mockzure/main.go:1762.84,1763.34 1 0
github.com/yourcloudtools/mockzure/main.go:1763.34,1766.4 2 0
github.com/yourcloudtools/mockzure/main.go:1768.3,1768.100 1 0
github.com/yourcloudtools/mockzure/main.go:1768.100,1769.40 1 0
github.com/yourcloudtools/mockzure/main.go:1769.40,1772.5 2 0
github.com/yourcloudtools/mockzure/main.go:1774.4,1777.41 2 0
github.com/yourcloudtools/mockzure/main.go:1777.41,1784.28 5 0
github.com/yourcloudtools/mockzure/main.go:1784.28,1785.58 1 0
github.com/yourcloudtools/mockzure/main.go:1785.58,1786.76 1 0
github.com/yourcloudtools/mockzure/main.go:1786.76,1788.13 2 0
github.com/yourcloudtools/mockzure/main.go:1793.5,1793.23 1 0
github.com/yourcloudtools/mockzure/main.go:1793.23,1796.6 2 0
github.com/yourcloudtools/mockzure/main.go:1799.5,1807.11 4 0
github.com/yourcloudtools/mockzure/main.go:1811.4,1812.18 2 0
github.com/yourcloudtools/mockzure/main.go:1812.18,1815.5 2 0
github.com/yourcloudtools/mockzure/main.go:1816.4,1817.11 2 0
github.com/yourcloudtools/mockzure/main.go:1817.11,1820.5 2 0
github.com/yourcloudtools/mockzure/main.go:1821.4,1827.37 4 0
github.com/yourcloudtools/mockzure/main.go:1827.37,1828.30 1 0
github.com/yourcloudtools/mockzure/main.go:1828.30,1833.28 4 0
github.com/yourcloudtools/mockzure/main.go:1833.28,1835.7 1 0
github.com/yourcloudtools/mockzure/main.go:1836.6,1836.28 1 0
github.com/yourcloudtools/mockzure/main.go:1836.28,1838.7 1 0
github.com/yourcloudtools/mockzure/main.go:1839.6,1839.11 1 0
github.com/yourcloudtools/mockzure/main.go:1843.4,1865.10 6 0
github.com/yourcloudtools/mockzure/main.go:1868.3,1871.80 2 0
github.com/yourcloudtools/mockzure/main.go:1871.80,1874.4 2 0
github.com/yourcloudtools/mockzure/main.go:1875.3,1876.10 2 0
github.com/yourcloudtools/mockzure/main.go:1876.10,1879.4 2 0
github.com/yourcloudtools/mockzure/main.go:1880.3,1885.36 4 0
github.com/yourcloudtools/mockzure/main.go:1885.36,1886.29 1 0
github.com/yourcloudtools/mockzure/main.go:1886.29,1890.27 4 0
github.com/yourcloudtools/mockzure/main.go:1890.27,1892.6 1 0
github.com/yourcloudtools/mockzure/main.go:1893.5,1893.27 1 0
github.com/yourcloudtools/mockzure/main.go:1893.27,1895.6 1 0
github.com/yourcloudtools/mockzure/main.go:1896.5,1896.10 1 0
github.com/yourcloudtools/mockzure/main.go:1900.3,1903.35 4 0
github.com/yourcloudtools/mockzure/main.go:1907.2,1907.92 1 0
github.com/yourcloudtools/mockzure/main.go:1907.92,1910.3 2 0
github.com/yourcloudtools/mockzure/main.go:1913.2,1913.80 1 0
github.com/yourcloudtools/mockzure/main.go:1913.80,1914.33 1 0
github.com/yourcloudtools/mockzure/main.go:1914.33,1917.4 2 0
github.com/yourcloudtools/mockzure/main.go:1918.3,1919.17 2 0
github.com/yourcloudtools/mockzure/main.go:1919.17,1922.4 2 0
github.com/yourcloudtools/mockzure/main.go:1923.3,1924.46 2 0
github.com/yourcloudtools/mockzure/main.go:1924.46,1927.4 2 0
github.com/yourcloudtools/mockzure/main.go:1928.3,1931.39 3 0
github.com/yourcloudtools/mockzure/main.go:1931.39,1945.4 1 0
github.com/yourcloudtools/mockzure/main.go:1945.9,1945.34 1 0
github.com/yourcloudtools/mockzure/main.go:1945.34,1949.22 4 0
github.com/yourcloudtools/mockzure/main.go:1949.22,1951.5 1 0
github.com/yourcloudtools/mockzure/main.go:1952.4,1964.5 1 0
github.com/yourcloudtools/mockzure/main.go:1966.3,1967.34 2 0
github.com/yourcloudtools/mockzure/main.go:1971.2,1971.83 1 0
github.com/yourcloudtools/mockzure/main.go:1971.83,1972.33 1 0
github.com/yourcloudtools/mockzure/main.go:1972.33,1975.4 2 0
github.com/yourcloudtools/mockzure/main.go:1976.3,1977.31 2 0
github.com/yourcloudtools/mockzure/main.go:1977.31,1978.29 1 0
github.com/yourcloudtools/mockzure/main.go:1978.29,1980.5 1 0
github.com/yourcloudtools/mockzure/main.go:1980.10,1982.5 1 0
github.com/yourcloudtools/mockzure/main.go:1984.3,1991.35 3 0
github.com/yourcloudtools/mockzure/main.go:1994.2,1994.88 1 0
github.com/yourcloudtools/mockzure/main.go:1994.88,1995.34 1 0
github.com/yourcloudtools/mockzure/main.go:1995.34,1998.4 2 0
github.com/yourcloudtools/mockzure/main.go:1999.3,2002.118 4 0
github.com/yourcloudtools/mockzure/main.go:2005.2,2005.88 1 0
github.com/yourcloudtools/mockzure/main.go:2005.88,2006.34 1 0
github.com/yourcloudtools/mockzure/main.go:2006.34,2009.4 2 0
github.com/yourcloudtools/mockzure/main.go:2010.3,2014.128 5 0
github.com/yourcloudtools/mockzure/main.go:2017.2,2020.76 4 0
github.com/yourcloudtools/mockzure/main.go:2020.76,2022.3 1 0
